<?xml version="1.0" encoding="UTF-8"?>
<!-- Generated by org.testng.reporters.JUnitReportReporter -->
<testsuite hostname="wgin-ntb-195" failures="0" tests="5" name="com.spotify.oauth2.tests.PlaylistTests" time="41.458" errors="0" timestamp="2023-08-18T17:01:59 IST" skipped="0">
  <testcase classname="com.spotify.oauth2.tests.PlaylistTests" name="ShouldNotBeAbleToCreatePlaylistWithExpiredToken" time="7.030"/>
  <system-out/>
  <testcase classname="com.spotify.oauth2.tests.PlaylistTests" name="ShouldBeAbleToCreatePlaylist" time="8.643"/>
  <system-out/>
  <testcase classname="com.spotify.oauth2.tests.PlaylistTests" name="ShouldBeAbleToUpdatePlaylist" time="8.599"/>
  <system-out/>
  <testcase classname="com.spotify.oauth2.tests.PlaylistTests" name="ShouldBeAbleToGetPlaylist" time="8.641"/>
  <system-out/>
  <testcase classname="com.spotify.oauth2.tests.PlaylistTests" name="ShouldNotBeAbleToCreatePlaylistWithName" time="8.545"/>
  <system-out/>
</testsuite> <!-- com.spotify.oauth2.tests.PlaylistTests -->
