<?xml version="1.0" encoding="UTF-8"?>
<!-- Generated by org.testng.reporters.JUnitReportReporter -->
<testsuite hostname="wgin-ntb-195" failures="0" tests="5" name="com.spotify.oauth2.tests.PlaylistTests" time="66.489" errors="0" timestamp="2023-08-22T18:07:40 IST" skipped="0">
  <testcase classname="com.spotify.oauth2.tests.PlaylistTests" name="ShouldBeAbleToUpdatePlaylist" time="14.530"/>
  <system-out/>
  <testcase classname="com.spotify.oauth2.tests.PlaylistTests" name="ShouldNotBeAbleToCreatePlaylistWithExpiredToken" time="10.701"/>
  <system-out/>
  <testcase classname="com.spotify.oauth2.tests.PlaylistTests" name="ShouldBeAbleToGetPlaylist" time="14.236"/>
  <system-out/>
  <testcase classname="com.spotify.oauth2.tests.PlaylistTests" name="ShouldNotBeAbleToCreatePlaylistWithName" time="13.202"/>
  <system-out/>
  <testcase classname="com.spotify.oauth2.tests.PlaylistTests" name="ShouldBeAbleToCreatePlaylist" time="13.820"/>
  <system-out/>
</testsuite> <!-- com.spotify.oauth2.tests.PlaylistTests -->
